2026-06-04 12:55:03, MOVE, v:1, k:ed@vetbuild, mode:PICK
2026-06-04 12:55:12, EXEC, v:1, k:ed@vetbuild, mode:FULL, rate:72
2026-06-04 12:55:03, MOVE, v:1, k:ed@vetbuild, mode:EDIT
2026-06-04 12:55:03, MOVE, v:1, k:ed@vetbuild, mode:EDIT
2026-06-04 12:55:12, MOVE, v:1, k:ed@vetbuild, mode:EDIT
2026-06-04 13:08:18, MOVE, v:1, k:ed@vetbuild, mode:EDIT
2026-06-04 13:16:05, EXEC, v:1, k:ed@vetbuild, mode:FULL, rate:72, size:267
2026-06-04 13:16:32, EXEC, v:1, k:ed@vetbuild, mode:FULL, rate:72, size:267
2026-06-04 13:16:24, MOVE, v:1, k:ed@vetbuild, mode:EDIT
2026-06-04 13:16:32, MOVE, v:1, k:ed@vetbuild, mode:EDIT
2026-06-04 13:18:02, EXEC, v:1, k:ed@vetbuild, mode:FULL, rate:72, size:270
2026-06-04 13:18:49, EXEC, v:1, k:ed@vetbuild, mode:FULL, rate:72
2026-06-04 13:17:56, MOVE, v:1, k:ed@vetbuild, mode:EDIT
2026-06-04 13:18:48, MOVE, v:1, k:ed@vetbuild, mode:EDIT
2026-06-04 13:24:33, EXEC, v:1, k:ed@vetbuild, mode:FULL, rate:81, size:270
2026-06-04 13:24:25, MOVE, v:1, k:ed@vetbuild, mode:EDIT
2026-06-04 13:24:32, MOVE, v:1, k:ed@vetbuild, mode:EDIT
2026-06-04 13:45:42, EXEC, v:1, k:ed@vetbuild, mode:FULL, rate:81, size:280
2026-06-04 13:46:03, EXEC, v:1, k:ed@vetbuild, mode:FULL, rate:81
2026-06-04 13:47:24, EXEC, v:1, k:ed@vetbuild, mode:FULL, rate:81, size:280
2026-06-04 13:47:18, MOVE, v:1, k:ed@vetbuild, mode:EDIT
2026-06-04 13:47:24, MOVE, v:1, k:ed@vetbuild, mode:EDIT
2026-06-04 13:49:10, EXEC, v:1, k:ed@vetbuild, mode:FULL, rate:81, size:281
2026-06-04 13:49:03, MOVE, v:1, k:ed@vetbuild, mode:EDIT
2026-06-04 13:49:09, MOVE, v:1, k:ed@vetbuild, mode:EDIT
2026-06-04 13:55:31, EXEC, v:1, k:ed@vetbuild, mode:FULL, rate:81, size:295
2026-06-04 13:55:46, EXEC, v:1, k:ed@vetbuild, mode:FULL, rate:90, size:295
2026-06-04 13:55:40, MOVE, v:1, k:ed@vetbuild, mode:EDIT
2026-06-04 13:55:26, MOVE, v:1, k:ed@vetbuild, mode:EDIT
2026-06-04 13:55:26, MOVE, v:1, k:ed@vetbuild, mode:EDIT
2026-06-04 13:55:45, MOVE, v:1, k:ed@vetbuild, mode:EDIT
2026-06-04 14:22:40, EXEC, v:1, k:ed@vetbuild, mode:FULL, rate:90, size:309
2026-06-04 14:22:43, EXEC, v:1, k:ed@vetbuild, mode:FULL, rate:90
2026-06-04 14:21:52, MOVE, v:1, k:ed@vetbuild, mode:EDIT
2026-06-04 14:22:43, MOVE, v:1, k:ed@vetbuild, mode:EDIT
2026-06-04 14:23:09, EXEC, v:1, k:ed@vetbuild, mode:FULL, rate:90
2026-06-04 14:25:03, EXEC, v:1, k:ed@vetbuild, mode:FULL, rate:100, size:310
2026-06-04 14:25:59, MOVE, v:1, k:ed@vetbuild, mode:BACK
2026-06-04 14:25:03, MOVE, v:1, k:ed@vetbuild, mode:EDIT
2026-06-04 14:25:48, MOVE, v:1, k:ed@vetbuild, mode:EDIT
2026-06-04 14:27:55, SELF, v:1, k:ed@vetbuild, self:1, rate:100, study:300, concept:1
2026-06-04 23:08:53, MOVE, v:1, k:ed@setbuild, mode:DOWN
2026-06-04 23:09:04, MOVE, v:1, k:ed@setbuild, mode:PICK
2026-06-04 23:09:07, MOVE, v:1, k:ed@setbuild, mode:EDIT
2026-06-04 23:08:53, MOVE, v:1, k:ed@setbuild, mode:EDIT
2026-06-04 23:08:53, MOVE, v:1, k:ed@setbuild, mode:EDIT
2026-06-04 23:09:06, MOVE, v:1, k:ed@setbuild, mode:EDIT
2026-06-04 23:11:16, MOVE, v:1, k:ed@vetbuild, mode:EDIT
2026-06-04 23:31:26, EXEC, v:1, k:ed@setbuild, mode:FULL, rate:0, size:71
2026-06-04 23:31:01, MOVE, v:1, k:ed@setbuild, mode:EDIT
2026-06-04 23:31:25, MOVE, v:1, k:ed@setbuild, mode:EDIT
2026-06-04 23:59:44, EXEC, v:1, k:ed@setbuild, mode:FULL, rate:0, size:101
2026-06-04 23:59:52, EXEC, v:1, k:ed@setbuild, mode:FULL, rate:0
2026-06-04 23:59:11, MOVE, v:1, k:ed@setbuild, mode:EDIT
2026-06-04 23:59:52, MOVE, v:1, k:ed@setbuild, mode:EDIT
