2026-04-28 21:04:00, MOVE, v:1, k:ed@fuga, mode:PICK
2026-04-28 21:04:58, EXEC, v:1, k:ed@fuga, mode:FULL, rate:100, size:51
2026-04-28 21:05:01, EXEC, v:1, k:ed@fuga, mode:FULL, rate:100
2026-04-28 21:05:01, MOVE, v:1, k:ed@fuga, mode:BACK
2026-04-28 21:08:34, MOVE, v:1, k:ed@casais, mode:DOWN
2026-04-28 21:08:47, MOVE, v:1, k:ed@casais, mode:PICK
2026-04-28 21:08:57, EXEC, v:1, k:ed@casais, mode:FULL, rate:0, size:5
2026-04-28 21:08:51, MOVE, v:1, k:ed@casais, mode:EDIT
2026-04-28 21:08:34, MOVE, v:1, k:ed@casais, mode:EDIT
2026-04-28 21:08:51, MOVE, v:1, k:ed@casais, mode:EDIT
2026-04-28 21:08:55, MOVE, v:1, k:ed@casais, mode:EDIT
2026-04-28 21:13:42, MOVE, v:1, k:ed@casais, mode:BACK
2026-04-28 21:14:50, MOVE, v:1, k:ed@casais, mode:PICK
2026-04-28 21:14:58, EXEC, v:1, k:ed@casais, mode:FULL, rate:0
2026-04-28 21:14:57, MOVE, v:1, k:ed@casais, mode:EDIT
2026-04-28 21:51:25, EXEC, v:1, k:ed@casais, mode:FULL, rate:0, size:43
2026-04-28 21:52:03, EXEC, v:1, k:ed@casais, mode:FULL, rate:25, size:43
2026-04-28 21:52:41, EXEC, v:1, k:ed@casais, mode:FULL, rate:0, size:43
2026-04-28 21:54:20, EXEC, v:1, k:ed@casais, mode:FULL, rate:0, size:43
2026-04-28 21:54:14, MOVE, v:1, k:ed@casais, mode:EDIT
2026-04-28 21:54:19, MOVE, v:1, k:ed@casais, mode:EDIT
2026-04-28 21:57:07, EXEC, v:1, k:ed@casais, mode:FULL, rate:100, size:43
2026-04-28 21:58:36, SELF, v:1, k:ed@casais, self:1, rate:100, study:30, concept:1, problem:1, refactor:1
2026-04-28 21:58:41, MOVE, v:1, k:ed@casais, mode:BACK
