2026-06-02 10:27:54, MOVE, v:1, k:ed@manipulacao, mode:PICK
2026-06-02 10:29:13, EXEC, v:1, k:ed@manipulacao, mode:FULL, rate:57
2026-06-02 10:27:54, MOVE, v:1, k:ed@manipulacao, mode:EDIT
2026-06-02 10:27:54, MOVE, v:1, k:ed@manipulacao, mode:EDIT
2026-06-02 10:28:22, MOVE, v:1, k:ed@manipulacao, mode:EDIT
2026-06-02 10:29:13, MOVE, v:1, k:ed@manipulacao, mode:EDIT
2026-06-02 10:42:17, MOVE, v:1, k:ed@manipulacao, mode:EDIT
2026-06-02 10:45:26, EXEC, v:1, k:ed@manipulacao, mode:FULL, rate:57, size:174
2026-06-02 10:45:26, MOVE, v:1, k:ed@manipulacao, mode:EDIT
2026-06-02 10:49:05, EXEC, v:1, k:ed@manipulacao, mode:FULL, rate:0, size:176
2026-06-02 10:50:13, EXEC, v:1, k:ed@manipulacao, mode:FULL, rate:57
2026-06-02 10:51:11, EXEC, v:1, k:ed@manipulacao, mode:FULL, rate:57, size:176
2026-06-02 10:51:55, EXEC, v:1, k:ed@manipulacao, mode:FULL, rate:57, size:176
2026-06-02 10:51:41, MOVE, v:1, k:ed@manipulacao, mode:EDIT
2026-06-02 10:51:55, MOVE, v:1, k:ed@manipulacao, mode:EDIT
2026-06-02 10:59:04, EXEC, v:1, k:ed@manipulacao, mode:FULL, rate:0, size:184
2026-06-02 10:59:09, EXEC, v:1, k:ed@manipulacao, mode:FULL, rate:57
2026-06-02 10:58:32, MOVE, v:1, k:ed@manipulacao, mode:EDIT
2026-06-02 10:59:09, MOVE, v:1, k:ed@manipulacao, mode:EDIT
2026-06-02 11:20:24, EXEC, v:1, k:ed@manipulacao, mode:FULL, rate:71, size:186
2026-06-02 11:19:46, MOVE, v:1, k:ed@manipulacao, mode:EDIT
2026-06-02 11:20:23, MOVE, v:1, k:ed@manipulacao, mode:EDIT
2026-06-02 13:00:21, MOVE, v:1, k:ed@manipulacao, mode:PICK
2026-06-02 12:59:57, MOVE, v:1, k:sandbox@user_001, mode:EDIT
2026-06-02 12:59:57, MOVE, v:1, k:ed@pintando, mode:EDIT
2026-06-02 12:59:57, MOVE, v:1, k:ed@fuga, mode:EDIT
2026-06-02 12:59:57, MOVE, v:1, k:ed@princesa, mode:EDIT
2026-06-02 12:59:57, MOVE, v:1, k:ed@gomos, mode:EDIT
2026-06-02 12:59:57, MOVE, v:1, k:ed@baruel, mode:EDIT
2026-06-02 12:59:57, MOVE, v:1, k:ed@manipulacao, mode:EDIT
2026-06-02 12:59:57, MOVE, v:1, k:ed@mumia, mode:EDIT
2026-06-02 13:00:21, MOVE, v:1, k:ed@manipulacao, mode:EDIT
2026-06-02 13:00:21, MOVE, v:1, k:ed@manipulacao, mode:EDIT
2026-06-02 13:00:29, MOVE, v:1, k:ed@especiais, mode:EDIT
2026-06-02 13:00:41, MOVE, v:1, k:ed@manipulacao, mode:BACK
2026-06-02 13:00:44, MOVE, v:1, k:ed@manipulacao, mode:PICK
2026-06-02 13:01:32, MOVE, v:1, k:ed@manipulacao, mode:EDIT
2026-06-02 13:19:37, MOVE, v:1, k:ed@manipulacao, mode:EDIT
2026-06-02 13:23:51, MOVE, v:1, k:ed@manipulacao, mode:PICK
2026-06-02 13:24:10, EXEC, v:1, k:ed@manipulacao, mode:FULL, rate:85, size:202
2026-06-02 13:24:09, MOVE, v:1, k:ed@manipulacao, mode:EDIT
2026-06-02 13:38:15, EXEC, v:1, k:ed@manipulacao, mode:FULL, rate:85, size:221
2026-06-02 13:37:42, MOVE, v:1, k:ed@manipulacao, mode:EDIT
2026-06-02 13:37:47, MOVE, v:1, k:ed@fuga, mode:EDIT
2026-06-02 13:37:47, MOVE, v:1, k:ed@especiais, mode:EDIT
2026-06-02 13:37:47, MOVE, v:1, k:ed@fuga, mode:EDIT
2026-06-02 13:37:47, MOVE, v:1, k:ed@fuga, mode:EDIT
2026-06-02 13:37:47, MOVE, v:1, k:ed@buscas, mode:EDIT
2026-06-02 13:37:47, MOVE, v:1, k:ed@especiais, mode:EDIT
2026-06-02 13:37:47, MOVE, v:1, k:ed@casais, mode:EDIT
2026-06-02 13:37:47, MOVE, v:1, k:sandbox@user_001, mode:EDIT
2026-06-02 13:37:47, MOVE, v:1, k:ed@buscas, mode:EDIT
2026-06-02 13:37:47, MOVE, v:1, k:ed@buscas, mode:EDIT
2026-06-02 13:37:47, MOVE, v:1, k:ed@apagando, mode:EDIT
2026-06-02 13:37:47, MOVE, v:1, k:ed@casais, mode:EDIT
2026-06-02 13:37:47, MOVE, v:1, k:ed@princesa, mode:EDIT
2026-06-02 13:37:47, MOVE, v:1, k:ed@princesa, mode:EDIT
2026-06-02 13:37:47, MOVE, v:1, k:ed@casais, mode:EDIT
2026-06-02 13:37:47, MOVE, v:1, k:ed@apagando, mode:EDIT
2026-06-02 13:37:47, MOVE, v:1, k:ed@apagando, mode:EDIT
2026-06-02 13:37:47, MOVE, v:1, k:ed@baruel, mode:EDIT
2026-06-02 13:37:47, MOVE, v:1, k:ed@princesa, mode:EDIT
2026-06-02 13:37:47, MOVE, v:1, k:ed@pedra, mode:EDIT
2026-06-02 13:37:47, MOVE, v:1, k:ed@pedra, mode:EDIT
2026-06-02 13:37:47, MOVE, v:1, k:ed@gomos, mode:EDIT
2026-06-02 13:37:47, MOVE, v:1, k:ed@gomos, mode:EDIT
2026-06-02 13:37:47, MOVE, v:1, k:ed@baruel, mode:EDIT
2026-06-02 13:37:47, MOVE, v:1, k:ed@baruel, mode:EDIT
2026-06-02 13:37:47, MOVE, v:1, k:ed@mumia, mode:EDIT
2026-06-02 13:37:47, MOVE, v:1, k:ed@pedra, mode:EDIT
2026-06-02 13:37:47, MOVE, v:1, k:ed@pintando, mode:EDIT
2026-06-02 13:37:47, MOVE, v:1, k:ed@pintando, mode:EDIT
2026-06-02 13:37:47, MOVE, v:1, k:ed@gomos, mode:EDIT
2026-06-02 13:37:47, MOVE, v:1, k:ed@mumia, mode:EDIT
2026-06-02 13:37:47, MOVE, v:1, k:ed@mumia, mode:EDIT
2026-06-02 13:37:47, MOVE, v:1, k:ed@pintando, mode:EDIT
2026-06-02 13:38:15, MOVE, v:1, k:ed@manipulacao, mode:EDIT
2026-06-02 14:00:06, EXEC, v:1, k:ed@manipulacao, mode:FULL, rate:85, size:234
2026-06-02 14:02:15, EXEC, v:1, k:ed@manipulacao, mode:FULL, rate:100, size:237
2026-06-02 14:03:30, SELF, v:1, k:ed@manipulacao, self:1, rate:100, study:180, concept:1
2026-06-02 14:03:38, MOVE, v:1, k:ed@manipulacao, mode:BACK
2026-06-02 14:01:49, MOVE, v:1, k:ed@manipulacao, mode:EDIT
2026-06-02 14:02:14, MOVE, v:1, k:ed@manipulacao, mode:EDIT
2026-06-02 14:02:11, MOVE, v:1, k:ed@manipulacao, mode:EDIT
2026-06-02 14:02:11, MOVE, v:1, k:ed@manipulacao, mode:EDIT
2026-06-02 14:05:04, MOVE, v:1, k:ed@especiais, mode:PICK
2026-06-02 14:05:13, EXEC, v:1, k:ed@especiais, mode:FULL, rate:0, size:178
2026-06-02 14:05:29, MOVE, v:1, k:ed@especiais, mode:BACK
2026-06-02 14:06:20, SELF, v:1, k:ed@analise, self:1
2026-06-02 14:05:09, MOVE, v:1, k:ed@especiais, mode:EDIT
2026-06-02 14:05:13, MOVE, v:1, k:ed@especiais, mode:EDIT
2026-06-02 21:35:35, SELF, v:1, k:ed@analise, self:1, rate:100, study:30
2026-06-02 21:43:29, MOVE, v:1, k:ed@vetbuild, mode:DOWN
2026-06-02 21:43:34, MOVE, v:1, k:ed@vetbuild, mode:PICK
2026-06-02 21:43:37, MOVE, v:1, k:ed@vetbuild, mode:EDIT
2026-06-02 21:43:29, MOVE, v:1, k:ed@vetbuild, mode:EDIT
2026-06-02 21:43:29, MOVE, v:1, k:ed@vetbuild, mode:EDIT
2026-06-02 21:43:37, MOVE, v:1, k:ed@vetbuild, mode:EDIT
2026-06-02 22:29:00, EXEC, v:1, k:ed@vetbuild, mode:FULL, size:130, fail:COMP
2026-06-02 22:29:39, EXEC, v:1, k:ed@vetbuild, mode:FULL, rate:0, size:138
2026-06-02 22:30:42, EXEC, v:1, k:ed@vetbuild, mode:FULL, rate:0
2026-06-02 22:29:22, MOVE, v:1, k:ed@vetbuild, mode:EDIT
2026-06-02 22:30:42, MOVE, v:1, k:ed@vetbuild, mode:EDIT
2026-06-02 22:35:27, EXEC, v:1, k:ed@vetbuild, mode:FULL, rate:0, size:138
2026-06-02 22:37:20, MOVE, v:1, k:ed@vetbuild, mode:EDIT
2026-06-02 22:37:27, MOVE, v:1, k:ed@vetbuild, mode:EDIT
2026-06-02 22:37:29, EXEC, v:1, k:ed@vetbuild, mode:FULL, rate:0, size:138
2026-06-02 22:40:34, EXEC, v:1, k:ed@vetbuild, mode:FULL, rate:0
2026-06-02 22:40:44, EXEC, v:1, k:ed@vetbuild, mode:FULL, rate:0, size:138
2026-06-02 22:40:44, MOVE, v:1, k:ed@vetbuild, mode:EDIT
2026-06-02 22:40:37, MOVE, v:1, k:ed@vetbuild, mode:EDIT
2026-06-02 22:42:59, EXEC, v:1, k:ed@vetbuild, mode:FULL, rate:0, size:139
2026-06-02 22:42:37, MOVE, v:1, k:ed@vetbuild, mode:EDIT
2026-06-02 22:42:59, MOVE, v:1, k:ed@vetbuild, mode:EDIT
2026-06-02 22:55:21, MOVE, v:1, k:ed@vetbuild, mode:BACK
2026-06-02 22:55:34, MOVE, v:1, k:ed@vetbuild, mode:PICK
2026-06-02 22:55:34, MOVE, v:1, k:ed@vetbuild, mode:EDIT
2026-06-02 22:55:34, MOVE, v:1, k:ed@vetbuild, mode:EDIT
2026-06-02 23:11:32, EXEC, v:1, k:ed@vetbuild, mode:FULL, rate:18, size:156
2026-06-02 23:11:22, MOVE, v:1, k:ed@vetbuild, mode:EDIT
2026-06-02 23:11:32, MOVE, v:1, k:ed@vetbuild, mode:EDIT
2026-06-02 23:59:36, MOVE, v:1, k:ed@vetbuild, mode:PICK
2026-06-02 23:59:58, EXEC, v:1, k:ed@vetbuild, mode:FULL, rate:18, size:187
