2026-06-08 06:45:11, MOVE, v:1, k:ed@multiset, mode:PICK
2026-06-08 06:45:11, MOVE, v:1, k:ed@multiset, mode:EDIT
2026-06-08 06:45:11, MOVE, v:1, k:ed@multiset, mode:EDIT
2026-06-08 06:45:34, MOVE, v:1, k:ed@multiset, mode:EDIT
2026-06-08 06:52:52, MOVE, v:1, k:ed@setbuild, mode:EDIT
2026-06-08 07:09:11, MOVE, v:1, k:ed@multiset, mode:EDIT
2026-06-08 07:10:38, EXEC, v:1, k:ed@multiset, mode:FULL, rate:16, size:173
2026-06-08 07:10:39, EXEC, v:1, k:ed@multiset, mode:FULL, rate:16
2026-06-08 07:10:25, MOVE, v:1, k:ed@multiset, mode:EDIT
2026-06-08 07:10:39, MOVE, v:1, k:ed@multiset, mode:EDIT
2026-06-08 07:16:48, EXEC, v:1, k:ed@multiset, mode:FULL, rate:0, size:191
2026-06-08 07:17:00, EXEC, v:1, k:ed@multiset, mode:FULL, rate:16
2026-06-08 07:17:37, EXEC, v:1, k:ed@multiset, mode:FULL, rate:33, size:191
2026-06-08 07:17:31, MOVE, v:1, k:ed@multiset, mode:EDIT
2026-06-08 07:17:37, MOVE, v:1, k:ed@multiset, mode:EDIT
2026-06-08 07:31:00, EXEC, v:1, k:ed@multiset, mode:FULL, rate:33, size:225
2026-06-08 07:30:50, MOVE, v:1, k:ed@multiset, mode:EDIT
2026-06-08 07:31:00, MOVE, v:1, k:ed@multiset, mode:EDIT
2026-06-08 07:37:18, EXEC, v:1, k:ed@multiset, mode:FULL, rate:50, size:225
2026-06-08 07:37:08, MOVE, v:1, k:ed@multiset, mode:EDIT
2026-06-08 07:37:18, MOVE, v:1, k:ed@multiset, mode:EDIT
2026-06-08 07:44:11, EXEC, v:1, k:ed@multiset, mode:FULL, rate:66, size:239
2026-06-08 07:44:03, MOVE, v:1, k:ed@multiset, mode:EDIT
2026-06-08 07:44:11, MOVE, v:1, k:ed@multiset, mode:EDIT
2026-06-08 07:51:54, EXEC, v:1, k:ed@multiset, mode:FULL, rate:66, size:258
2026-06-08 07:52:05, EXEC, v:1, k:ed@multiset, mode:FULL, rate:66
2026-06-08 07:52:25, EXEC, v:1, k:ed@multiset, mode:FULL, rate:83, size:258
2026-06-08 07:52:20, MOVE, v:1, k:ed@multiset, mode:EDIT
2026-06-08 07:51:49, MOVE, v:1, k:ed@multiset, mode:EDIT
2026-06-08 07:51:49, MOVE, v:1, k:ed@multiset, mode:EDIT
2026-06-08 07:52:25, MOVE, v:1, k:ed@multiset, mode:EDIT
2026-06-08 07:56:30, EXEC, v:1, k:ed@multiset, mode:FULL, rate:100, size:265
2026-06-08 07:57:40, MOVE, v:1, k:ed@multiset, mode:BACK
2026-06-08 07:58:50, SELF, v:1, k:ed@multiset, self:1, rate:100, study:120, friend:Joao Filipe, concept:1, refactor:1
2026-06-08 07:57:27, MOVE, v:1, k:ed@multiset, mode:EDIT
2026-06-08 07:56:29, MOVE, v:1, k:ed@multiset, mode:EDIT
2026-06-08 08:39:24, MOVE, v:1, k:ed@lista_d1, mode:DOWN
2026-06-08 08:41:36, SELF, v:1, k:ed@analise, self:1, rate:100, study:20
2026-06-08 08:43:16, MOVE, v:1, k:ed@lista_d1, mode:PICK
2026-06-08 08:43:19, MOVE, v:1, k:ed@lista_d1, mode:EDIT
2026-06-08 08:43:19, MOVE, v:1, k:ed@lista_d1, mode:EDIT
2026-06-08 08:51:29, SELF, v:1, k:ed@recursao, self:1, rate:100
2026-06-08 08:52:16, MOVE, v:1, k:ed@lista_d1, mode:PICK
2026-06-08 08:58:16, MOVE, v:1, k:ed@multiset, mode:EDIT
2026-06-08 08:58:20, MOVE, v:1, k:ed@bettersearch, mode:EDIT
2026-06-08 09:02:55, MOVE, v:1, k:ed@multiset, mode:EDIT
2026-06-08 09:43:49, MOVE, v:1, k:ed@lista_d1, mode:EDIT
2026-06-08 09:55:14, MOVE, v:1, k:ed@lista_d1, mode:EDIT
2026-06-08 09:59:17, EXEC, v:1, k:ed@lista_d1, mode:FULL, rate:14, size:124
2026-06-08 09:59:18, EXEC, v:1, k:ed@lista_d1, mode:FULL, rate:14
2026-06-08 09:58:19, MOVE, v:1, k:ed@lista_d1, mode:EDIT
2026-06-08 09:58:29, MOVE, v:1, k:ed@lista_d1, mode:EDIT
2026-06-08 09:58:29, MOVE, v:1, k:ed@lista_d1, mode:EDIT
2026-06-08 09:59:18, MOVE, v:1, k:ed@lista_d1, mode:EDIT
2026-06-08 10:03:45, MOVE, v:1, k:ed@lista_d1, mode:BACK
2026-06-08 10:03:14, MOVE, v:1, k:ed@lista_d1, mode:EDIT
2026-06-08 10:03:40, MOVE, v:1, k:ed@lista_d1, mode:EDIT
2026-06-08 10:10:06, MOVE, v:1, k:ed@lista_d1, mode:PICK
2026-06-08 10:10:14, MOVE, v:1, k:ed@lista_d1, mode:BACK
2026-06-08 10:10:30, MOVE, v:1, k:ed@lista_d1, mode:PICK
2026-06-08 10:10:57, EXEC, v:1, k:ed@lista_d1, mode:FULL, rate:0, size:124
2026-06-08 10:11:14, EXEC, v:1, k:ed@lista_d1, mode:FULL, rate:14, size:125
2026-06-08 10:11:14, MOVE, v:1, k:ed@lista_d1, mode:EDIT
2026-06-08 10:11:09, MOVE, v:1, k:ed@lista_d1, mode:EDIT
2026-06-08 10:28:18, MOVE, v:1, k:ed@lista_d1, mode:BACK
2026-06-08 10:28:25, MOVE, v:1, k:ed@lista_d1, mode:PICK
2026-06-08 10:28:16, MOVE, v:1, k:ed@lista_d1, mode:EDIT
2026-06-08 10:47:40, EXEC, v:1, k:ed@lista_d1, mode:FULL, rate:0, size:160
2026-06-08 10:47:49, EXEC, v:1, k:ed@lista_d1, mode:FULL, rate:14
2026-06-08 10:47:28, MOVE, v:1, k:ed@lista_d1, mode:EDIT
2026-06-08 10:47:48, MOVE, v:1, k:ed@lista_d1, mode:EDIT
2026-06-08 11:03:46, EXEC, v:1, k:ed@lista_d1, mode:FULL, rate:28, size:185
2026-06-08 11:04:26, EXEC, v:1, k:ed@lista_d1, mode:FULL, rate:28
2026-06-08 11:03:37, MOVE, v:1, k:ed@lista_d1, mode:EDIT
2026-06-08 11:03:41, MOVE, v:1, k:ed@lista_d1, mode:EDIT
2026-06-08 11:03:41, MOVE, v:1, k:ed@lista_d1, mode:EDIT
2026-06-08 11:04:26, MOVE, v:1, k:ed@lista_d1, mode:EDIT
2026-06-08 11:08:37, EXEC, v:1, k:ed@lista_d1, mode:FULL, rate:28
2026-06-08 11:08:37, MOVE, v:1, k:ed@lista_d1, mode:EDIT
2026-06-08 11:11:11, EXEC, v:1, k:ed@lista_d1, mode:FULL, rate:0, size:190
2026-06-08 11:11:17, EXEC, v:1, k:ed@lista_d1, mode:FULL, rate:42
2026-06-08 11:14:48, EXEC, v:1, k:ed@lista_d1, mode:FULL, rate:42, size:195
2026-06-08 11:14:41, MOVE, v:1, k:ed@lista_d1, mode:EDIT
2026-06-08 11:14:48, MOVE, v:1, k:ed@lista_d1, mode:EDIT
2026-06-08 11:19:42, MOVE, v:1, k:ed@lista_d1, mode:EDIT
2026-06-08 11:20:27, EXEC, v:1, k:ed@lista_d1, mode:FULL, rate:42, size:193
2026-06-08 11:24:54, EXEC, v:1, k:ed@lista_d1, mode:FULL, rate:57, size:191
2026-06-08 11:24:54, MOVE, v:1, k:ed@lista_d1, mode:EDIT
2026-06-08 11:24:47, MOVE, v:1, k:ed@lista_d1, mode:EDIT
2026-06-08 11:26:09, MOVE, v:1, k:sandbox@user_001, mode:EDIT
2026-06-08 11:26:14, MOVE, v:1, k:ed@bettersearch, mode:EDIT
2026-06-08 11:32:35, EXEC, v:1, k:ed@lista_d1, mode:FULL, rate:0, size:191
2026-06-08 11:33:03, EXEC, v:1, k:ed@lista_d1, mode:FULL, rate:0
2026-06-08 11:33:35, EXEC, v:1, k:ed@lista_d1, mode:FULL, rate:71
2026-06-08 11:32:06, MOVE, v:1, k:ed@lista_d1, mode:EDIT
2026-06-08 11:33:34, MOVE, v:1, k:ed@lista_d1, mode:EDIT
2026-06-08 11:44:00, EXEC, v:1, k:ed@lista_d1, mode:FULL, rate:0, size:213
2026-06-08 11:43:20, MOVE, v:1, k:ed@lista_d1, mode:EDIT
2026-06-08 11:44:00, MOVE, v:1, k:ed@lista_d1, mode:EDIT
2026-06-08 11:45:24, EXEC, v:1, k:ed@lista_d1, mode:FULL, rate:85
2026-06-08 11:45:23, MOVE, v:1, k:ed@lista_d1, mode:EDIT
2026-06-08 11:59:57, EXEC, v:1, k:ed@lista_d1, mode:FULL, rate:0, size:233
2026-06-08 11:59:35, MOVE, v:1, k:ed@lista_d1, mode:EDIT
2026-06-08 11:59:57, MOVE, v:1, k:ed@lista_d1, mode:EDIT
2026-06-08 12:00:03, EXEC, v:1, k:ed@lista_d1, mode:FULL, rate:100
2026-06-08 12:02:02, MOVE, v:1, k:ed@lista_d1, mode:BACK
2026-06-08 12:03:35, SELF, v:1, k:ed@lista_d1, self:1, rate:100, study:120, friend:Joao Filipe, concept:1, refactor:1
2026-06-08 12:00:03, MOVE, v:1, k:ed@lista_d1, mode:EDIT
2026-06-08 14:04:05, SELF, v:1, k:ed@analise, self:1, rate:100, study:30
2026-06-08 14:04:51, MOVE, v:1, k:ed@lista_d2, mode:DOWN
2026-06-08 14:04:55, MOVE, v:1, k:ed@lista_d2, mode:PICK
2026-06-08 14:04:57, MOVE, v:1, k:ed@lista_d2, mode:EDIT
2026-06-08 14:04:51, MOVE, v:1, k:ed@lista_d2, mode:EDIT
2026-06-08 14:04:51, MOVE, v:1, k:ed@lista_d2, mode:EDIT
2026-06-08 14:04:57, MOVE, v:1, k:ed@lista_d2, mode:EDIT
2026-06-08 14:29:15, MOVE, v:1, k:ed@lista_d1, mode:EDIT
2026-06-08 14:34:39, MOVE, v:1, k:ed@multiset, mode:EDIT
2026-06-08 19:16:32, MOVE, v:1, k:ed@lista_d2, mode:PICK
2026-06-08 19:16:49, MOVE, v:1, k:ed@lista_d2, mode:BACK
2026-06-08 19:18:15, MOVE, v:1, k:ed@lista_d2, mode:PICK
2026-06-08 19:18:24, MOVE, v:1, k:ed@lista_d2, mode:BACK
2026-06-08 19:19:09, MOVE, v:1, k:ed@lista_d2, mode:PICK
2026-06-08 19:19:18, MOVE, v:1, k:ed@lista_d2, mode:EDIT
2026-06-08 19:24:13, MOVE, v:1, k:ed@lista_d2, mode:EDIT
2026-06-08 19:27:01, MOVE, v:1, k:ed@lista_d1, mode:EDIT
2026-06-08 19:37:14, EXEC, v:1, k:ed@lista_d2, mode:FULL, rate:0, size:176
2026-06-08 19:38:49, MOVE, v:1, k:ed@lista_d2, mode:BACK
2026-06-08 19:39:03, MOVE, v:1, k:ed@lista_d2, mode:PICK
2026-06-08 19:36:31, MOVE, v:1, k:ed@lista_d2, mode:EDIT
2026-06-08 19:37:13, MOVE, v:1, k:ed@lista_d2, mode:EDIT
2026-06-08 19:40:28, EXEC, v:1, k:ed@lista_d2, mode:FULL, rate:0
2026-06-08 19:40:27, MOVE, v:1, k:ed@lista_d2, mode:EDIT
2026-06-08 19:52:21, MOVE, v:1, k:ed@lista_d2, mode:EDIT
2026-06-08 19:57:07, MOVE, v:1, k:ed@lista_d2, mode:EDIT
2026-06-08 19:57:18, MOVE, v:1, k:ed@lista_d2, mode:EDIT
2026-06-08 20:04:49, MOVE, v:1, k:ed@lista_d2, mode:PICK
2026-06-08 20:06:41, MOVE, v:1, k:ed@lista_d2, mode:PICK
2026-06-08 20:09:28, MOVE, v:1, k:ed@lista_d2, mode:PICK
2026-06-08 20:14:14, MOVE, v:1, k:ed@lista_d2, mode:PICK
2026-06-08 20:15:04, MOVE, v:1, k:ed@lista_d2, mode:EDIT
2026-06-08 20:15:45, MOVE, v:1, k:ed@lista_d2, mode:EDIT
2026-06-08 20:15:45, MOVE, v:1, k:ed@lista_d2, mode:EDIT
2026-06-08 20:23:32, MOVE, v:1, k:ed@lista_d2, mode:EDIT
2026-06-08 20:26:24, MOVE, v:1, k:ed@multiset, mode:PICK
2026-06-08 20:26:53, EXEC, v:1, k:ed@multiset, mode:FULL, rate:100, size:266
2026-06-08 20:26:58, MOVE, v:1, k:ed@multiset, mode:BACK
2026-06-08 20:27:02, MOVE, v:1, k:ed@lista_d2, mode:PICK
2026-06-08 20:27:34, EXEC, v:1, k:ed@lista_d2, mode:FULL, rate:0, size:196
2026-06-08 20:29:22, EXEC, v:1, k:ed@lista_d2, mode:FULL, rate:0, size:196
2026-06-08 20:29:29, EXEC, v:1, k:ed@lista_d2, mode:FULL, rate:0
2026-06-08 20:26:24, MOVE, v:1, k:ed@multiset, mode:EDIT
2026-06-08 20:26:24, MOVE, v:1, k:ed@multiset, mode:EDIT
2026-06-08 20:26:27, MOVE, v:1, k:ed@multiset, mode:EDIT
2026-06-08 20:26:42, MOVE, v:1, k:ed@multiset, mode:EDIT
2026-06-08 20:26:53, MOVE, v:1, k:ed@multiset, mode:EDIT
2026-06-08 20:27:02, MOVE, v:1, k:ed@lista_d2, mode:EDIT
2026-06-08 20:29:29, MOVE, v:1, k:ed@lista_d2, mode:EDIT
2026-06-08 20:28:16, MOVE, v:1, k:ed@lista_d1, mode:EDIT
2026-06-08 20:29:07, MOVE, v:1, k:ed@lista_d2, mode:EDIT
2026-06-08 20:36:06, EXEC, v:1, k:ed@lista_d2, mode:FULL, rate:0, size:207
2026-06-08 20:36:12, MOVE, v:1, k:ed@lista_d2, mode:EDIT
2026-06-08 20:36:15, MOVE, v:1, k:ed@lista_d2, mode:EDIT
2026-06-08 20:36:18, EXEC, v:1, k:ed@lista_d2, mode:FULL, rate:20, size:207
2026-06-08 20:39:49, EXEC, v:1, k:ed@lista_d2, mode:FULL, rate:0, size:207
2026-06-08 20:39:54, EXEC, v:1, k:ed@lista_d2, mode:FULL, rate:20
2026-06-08 20:39:54, MOVE, v:1, k:ed@lista_d2, mode:EDIT
2026-06-08 20:39:30, MOVE, v:1, k:ed@lista_d2, mode:EDIT
2026-06-08 20:42:48, EXEC, v:1, k:ed@lista_d2, mode:FULL, rate:0, size:213
2026-06-08 20:42:53, EXEC, v:1, k:ed@lista_d2, mode:FULL, rate:40
2026-06-08 20:42:30, MOVE, v:1, k:ed@lista_d2, mode:EDIT
2026-06-08 20:42:53, MOVE, v:1, k:ed@lista_d2, mode:EDIT
2026-06-08 20:54:05, EXEC, v:1, k:ed@lista_d2, mode:FULL, rate:0, size:227
2026-06-08 20:53:34, MOVE, v:1, k:ed@lista_d2, mode:EDIT
2026-06-08 20:54:05, MOVE, v:1, k:ed@lista_d2, mode:EDIT
2026-06-08 20:54:28, MOVE, v:1, k:ed@lista_d2, mode:EDIT
2026-06-08 20:57:24, EXEC, v:1, k:ed@lista_d2, mode:FULL, rate:20, size:227
2026-06-08 20:59:07, EXEC, v:1, k:ed@lista_d2, mode:FULL, rate:60, size:227
