2026-06-14 00:01:14, MOVE, v:1, k:ed@pilhado, mode:PICK
2026-06-14 00:01:14, MOVE, v:1, k:ed@pilhado, mode:EDIT
2026-06-14 00:01:14, MOVE, v:1, k:ed@pilhado, mode:EDIT
2026-06-14 00:01:14, MOVE, v:1, k:ed@pilhado, mode:EDIT
2026-06-14 00:01:23, MOVE, v:1, k:ed@pilhado, mode:EDIT
2026-06-14 00:01:23, MOVE, v:1, k:ed@pilhado, mode:EDIT
2026-06-14 00:06:04, MOVE, v:1, k:ed@pilhado, mode:EDIT
2026-06-14 00:46:02, MOVE, v:1, k:ed@pilhado, mode:EDIT
2026-06-14 00:47:03, EXEC, v:1, k:ed@pilhado, mode:FULL, size:118, fail:COMP
2026-06-14 01:01:23, MOVE, v:1, k:ed@pilhado, mode:EDIT
2026-06-14 01:16:06, MOVE, v:1, k:ed@pilhado, mode:EDIT
2026-06-14 01:16:18, EXEC, v:1, k:ed@pilhado, mode:FULL, rate:0, size:162
2026-06-14 01:16:12, MOVE, v:1, k:ed@pilhado, mode:EDIT
2026-06-14 01:16:12, MOVE, v:1, k:ed@pilhado, mode:EDIT
2026-06-14 01:16:18, MOVE, v:1, k:ed@pilhado, mode:EDIT
2026-06-14 01:21:41, EXEC, v:1, k:ed@pilhado, mode:FULL, rate:100, size:164
2026-06-14 01:22:17, MOVE, v:1, k:ed@pilhado, mode:BACK
2026-06-14 01:23:33, SELF, v:1, k:ed@pilhado, self:1, rate:100, study:120, friend:Joao Filipe, refactor:1
2026-06-14 01:21:24, MOVE, v:1, k:ed@pilhado, mode:EDIT
2026-06-14 01:21:40, MOVE, v:1, k:ed@pilhado, mode:EDIT
