2026-06-03 00:00:17, MOVE, v:1, k:ed@vetbuild, mode:BACK
2026-06-03 00:00:49, MOVE, v:1, k:ed@vetbuild, mode:PICK
2026-06-03 00:00:53, EXEC, v:1, k:ed@vetbuild, mode:FULL, rate:18
2026-06-03 00:03:30, EXEC, v:1, k:ed@vetbuild, mode:FULL, rate:9, size:187
2026-06-03 00:03:41, EXEC, v:1, k:ed@vetbuild, mode:FULL, rate:9
2026-06-03 00:04:04, EXEC, v:1, k:ed@vetbuild, mode:FULL, rate:9
2026-06-03 00:04:04, MOVE, v:1, k:ed@vetbuild, mode:EDIT
2026-06-03 00:03:22, MOVE, v:1, k:ed@vetbuild, mode:EDIT
2026-06-03 00:03:58, MOVE, v:1, k:ed@vetbuild, mode:EDIT
2026-06-03 00:06:23, EXEC, v:1, k:ed@vetbuild, mode:FULL, rate:9, size:186
2026-06-03 00:09:04, EXEC, v:1, k:ed@vetbuild, mode:FULL, rate:27, size:186
2026-06-03 00:08:58, MOVE, v:1, k:ed@vetbuild, mode:EDIT
2026-06-03 00:09:04, MOVE, v:1, k:ed@vetbuild, mode:EDIT
2026-06-03 00:13:19, MOVE, v:1, k:ed@vetbuild, mode:BACK
2026-06-03 00:12:53, MOVE, v:1, k:ed@vetbuild, mode:EDIT
2026-06-03 13:56:33, MOVE, v:1, k:ed@vetbuild, mode:PICK
2026-06-03 13:57:32, EXEC, v:1, k:ed@vetbuild, mode:FULL, rate:27
2026-06-03 13:57:34, EXEC, v:1, k:ed@vetbuild, mode:FULL, rate:27
2026-06-03 13:57:35, EXEC, v:1, k:ed@vetbuild, mode:FULL, rate:27
2026-06-03 13:56:33, MOVE, v:1, k:ed@vetbuild, mode:EDIT
2026-06-03 13:56:33, MOVE, v:1, k:ed@vetbuild, mode:EDIT
2026-06-03 13:56:45, MOVE, v:1, k:ed@vetbuild, mode:EDIT
2026-06-03 13:57:35, MOVE, v:1, k:ed@vetbuild, mode:EDIT
2026-06-03 14:07:03, EXEC, v:1, k:ed@vetbuild, mode:FULL, rate:27, size:190
2026-06-03 14:06:54, MOVE, v:1, k:ed@vetbuild, mode:EDIT
2026-06-03 14:07:02, MOVE, v:1, k:ed@vetbuild, mode:EDIT
2026-06-03 14:22:26, EXEC, v:1, k:ed@vetbuild, mode:FULL, rate:27, size:201
2026-06-03 14:22:18, MOVE, v:1, k:ed@vetbuild, mode:EDIT
2026-06-03 14:22:26, MOVE, v:1, k:ed@vetbuild, mode:EDIT
2026-06-03 14:29:26, EXEC, v:1, k:ed@vetbuild, mode:FULL, rate:27, size:213
2026-06-03 14:29:52, EXEC, v:1, k:ed@vetbuild, mode:FULL, rate:36, size:213
2026-06-03 14:29:46, MOVE, v:1, k:ed@vetbuild, mode:EDIT
2026-06-03 14:29:52, MOVE, v:1, k:ed@vetbuild, mode:EDIT
2026-06-03 14:35:34, EXEC, v:1, k:ed@vetbuild, mode:FULL, rate:45, size:220
2026-06-03 14:35:28, MOVE, v:1, k:ed@vetbuild, mode:EDIT
2026-06-03 14:35:33, MOVE, v:1, k:ed@vetbuild, mode:EDIT
2026-06-03 14:45:09, MOVE, v:1, k:ed@vetbuild, mode:PICK
2026-06-03 14:55:05, MOVE, v:1, k:ed@vetbuild, mode:PICK
2026-06-03 14:56:01, MOVE, v:1, k:ed@vetbuild, mode:PICK
2026-06-03 14:56:04, MOVE, v:1, k:ed@vetbuild, mode:EDIT
2026-06-03 15:03:27, MOVE, v:1, k:sandbox@user_001, mode:EDIT
2026-06-03 15:03:27, MOVE, v:1, k:sandbox@user_001, mode:EDIT
2026-06-03 15:03:27, MOVE, v:1, k:ed@baruel, mode:EDIT
2026-06-03 15:03:27, MOVE, v:1, k:ed@apagando, mode:EDIT
2026-06-03 15:03:28, MOVE, v:1, k:ed@buscas, mode:EDIT
2026-06-03 15:03:28, MOVE, v:1, k:ed@buscas, mode:EDIT
2026-06-03 15:03:28, MOVE, v:1, k:ed@casais, mode:EDIT
2026-06-03 15:03:28, MOVE, v:1, k:ed@baruel, mode:EDIT
2026-06-03 15:03:28, MOVE, v:1, k:ed@apagando, mode:EDIT
2026-06-03 15:03:28, MOVE, v:1, k:ed@especiais, mode:EDIT
2026-06-03 15:03:28, MOVE, v:1, k:ed@casais, mode:EDIT
2026-06-03 15:03:28, MOVE, v:1, k:ed@fuga, mode:EDIT
2026-06-03 15:03:28, MOVE, v:1, k:ed@especiais, mode:EDIT
2026-06-03 15:03:28, MOVE, v:1, k:ed@fuga, mode:EDIT
2026-06-03 15:03:28, MOVE, v:1, k:ed@gomos, mode:EDIT
2026-06-03 15:03:28, MOVE, v:1, k:ed@gomos, mode:EDIT
2026-06-03 15:03:28, MOVE, v:1, k:ed@manipulacao, mode:EDIT
2026-06-03 15:03:28, MOVE, v:1, k:ed@manipulacao, mode:EDIT
2026-06-03 15:03:28, MOVE, v:1, k:ed@mumia, mode:EDIT
2026-06-03 15:03:28, MOVE, v:1, k:ed@mumia, mode:EDIT
2026-06-03 15:03:28, MOVE, v:1, k:ed@pedra, mode:EDIT
2026-06-03 15:03:28, MOVE, v:1, k:ed@pedra, mode:EDIT
2026-06-03 15:03:28, MOVE, v:1, k:ed@pintando, mode:EDIT
2026-06-03 15:03:28, MOVE, v:1, k:ed@pintando, mode:EDIT
2026-06-03 15:03:28, MOVE, v:1, k:ed@princesa, mode:EDIT
2026-06-03 15:03:28, MOVE, v:1, k:ed@vetbuild, mode:EDIT
2026-06-03 15:03:28, MOVE, v:1, k:ed@princesa, mode:EDIT
2026-06-03 15:19:30, MOVE, v:1, k:ed@vetbuild, mode:PICK
2026-06-03 15:22:51, MOVE, v:1, k:ed@vetbuild, mode:BACK
2026-06-03 15:19:30, MOVE, v:1, k:ed@vetbuild, mode:EDIT
2026-06-03 15:43:18, MOVE, v:1, k:ed@vetbuild, mode:PICK
2026-06-03 15:45:38, MOVE, v:1, k:ed@vetbuild, mode:EDIT
2026-06-03 22:18:26, MOVE, v:1, k:ed@vetbuild, mode:PICK
2026-06-03 22:18:26, MOVE, v:1, k:ed@vetbuild, mode:EDIT
2026-06-03 22:18:26, MOVE, v:1, k:ed@vetbuild, mode:EDIT
2026-06-03 22:18:28, MOVE, v:1, k:ed@vetbuild, mode:EDIT
2026-06-03 22:27:07, EXEC, v:1, k:ed@vetbuild, mode:FULL, rate:45, size:234
2026-06-03 22:27:37, MOVE, v:1, k:ed@vetbuild, mode:EDIT
2026-06-03 22:27:07, MOVE, v:1, k:ed@vetbuild, mode:EDIT
2026-06-03 22:28:32, EXEC, v:1, k:ed@vetbuild, mode:FULL, rate:45, size:234
2026-06-03 22:29:23, EXEC, v:1, k:ed@vetbuild, mode:FULL, rate:45, size:233
2026-06-03 22:30:22, EXEC, v:1, k:ed@vetbuild, mode:FULL, rate:54, size:233
2026-06-03 22:30:14, MOVE, v:1, k:ed@vetbuild, mode:EDIT
2026-06-03 22:30:21, MOVE, v:1, k:ed@vetbuild, mode:EDIT
2026-06-03 23:14:36, EXEC, v:1, k:ed@vetbuild, mode:FULL, rate:54
2026-06-03 23:14:35, MOVE, v:1, k:ed@vetbuild, mode:EDIT
2026-06-03 23:19:39, EXEC, v:1, k:ed@vetbuild, mode:FULL, rate:54, size:254
2026-06-03 23:20:05, EXEC, v:1, k:ed@vetbuild, mode:FULL, rate:54, size:254
2026-06-03 23:19:59, MOVE, v:1, k:ed@vetbuild, mode:EDIT
2026-06-03 23:19:34, MOVE, v:1, k:ed@vetbuild, mode:EDIT
2026-06-03 23:19:34, MOVE, v:1, k:ed@vetbuild, mode:EDIT
2026-06-03 23:20:05, MOVE, v:1, k:ed@vetbuild, mode:EDIT
2026-06-03 23:24:34, EXEC, v:1, k:ed@vetbuild, mode:FULL, rate:72, size:258
