2026-06-05 00:11:21, EXEC, v:1, k:ed@setbuild, mode:FULL, rate:0, size:111
2026-06-05 00:11:31, EXEC, v:1, k:ed@setbuild, mode:FULL, rate:0
2026-06-05 00:11:37, EXEC, v:1, k:ed@setbuild, mode:FULL, rate:0
2026-06-05 00:11:02, MOVE, v:1, k:ed@setbuild, mode:EDIT
2026-06-05 00:11:07, MOVE, v:1, k:ed@setbuild, mode:EDIT
2026-06-05 00:11:07, MOVE, v:1, k:ed@setbuild, mode:EDIT
2026-06-05 00:11:37, MOVE, v:1, k:ed@setbuild, mode:EDIT
2026-06-05 00:15:53, EXEC, v:1, k:ed@setbuild, mode:FULL, rate:0, size:130
2026-06-05 00:15:41, MOVE, v:1, k:ed@setbuild, mode:EDIT
2026-06-05 00:15:53, MOVE, v:1, k:ed@setbuild, mode:EDIT
2026-06-05 00:22:28, EXEC, v:1, k:ed@setbuild, mode:FULL, rate:0, size:141
2026-06-05 00:22:17, MOVE, v:1, k:ed@setbuild, mode:EDIT
2026-06-05 00:22:28, MOVE, v:1, k:ed@setbuild, mode:EDIT
2026-06-05 00:25:11, EXEC, v:1, k:ed@setbuild, mode:FULL, rate:0, size:141
2026-06-05 00:25:56, EXEC, v:1, k:ed@setbuild, mode:FULL, rate:33, size:141
2026-06-05 00:25:50, MOVE, v:1, k:ed@setbuild, mode:EDIT
2026-06-05 00:25:56, MOVE, v:1, k:ed@setbuild, mode:EDIT
2026-06-05 00:28:24, MOVE, v:1, k:ed@setbuild, mode:BACK
2026-06-05 00:30:45, MOVE, v:1, k:ed@setbuild, mode:EDIT
2026-06-05 13:02:07, MOVE, v:1, k:ed@setbuild, mode:PICK
2026-06-05 13:02:47, MOVE, v:1, k:ed@setbuild, mode:BACK
2026-06-05 13:02:49, MOVE, v:1, k:ed@setbuild, mode:PICK
2026-06-05 13:03:33, EXEC, v:1, k:ed@setbuild, mode:FULL, rate:33
2026-06-05 13:02:07, MOVE, v:1, k:ed@setbuild, mode:EDIT
2026-06-05 13:02:07, MOVE, v:1, k:ed@setbuild, mode:EDIT
2026-06-05 13:02:54, MOVE, v:1, k:ed@setbuild, mode:EDIT
2026-06-05 13:03:33, MOVE, v:1, k:ed@setbuild, mode:EDIT
2026-06-05 13:07:33, MOVE, v:1, k:ed@setbuild, mode:EDIT
2026-06-05 13:10:31, EXEC, v:1, k:ed@setbuild, mode:FULL, rate:33, size:160
2026-06-05 13:11:47, EXEC, v:1, k:ed@setbuild, mode:FULL, rate:66, size:160
2026-06-05 13:11:40, MOVE, v:1, k:ed@setbuild, mode:EDIT
2026-06-05 13:11:46, MOVE, v:1, k:ed@setbuild, mode:EDIT
2026-06-05 13:39:53, EXEC, v:1, k:ed@setbuild, mode:FULL, rate:0, size:188
2026-06-05 13:39:42, MOVE, v:1, k:ed@setbuild, mode:EDIT
2026-06-05 13:39:52, MOVE, v:1, k:ed@setbuild, mode:EDIT
2026-06-05 13:41:21, EXEC, v:1, k:ed@setbuild, mode:FULL, rate:66
2026-06-05 13:41:21, MOVE, v:1, k:ed@setbuild, mode:EDIT
2026-06-05 13:47:47, EXEC, v:1, k:ed@setbuild, mode:FULL, rate:66, size:179
2026-06-05 13:47:38, MOVE, v:1, k:ed@setbuild, mode:EDIT
2026-06-05 13:47:47, MOVE, v:1, k:ed@setbuild, mode:EDIT
2026-06-05 13:52:54, EXEC, v:1, k:ed@setbuild, mode:FULL, rate:66, size:187
2026-06-05 13:54:06, EXEC, v:1, k:ed@setbuild, mode:FULL, rate:66, size:187
2026-06-05 13:54:00, MOVE, v:1, k:ed@setbuild, mode:EDIT
2026-06-05 13:54:06, MOVE, v:1, k:ed@setbuild, mode:EDIT
2026-06-05 13:55:40, EXEC, v:1, k:ed@setbuild, mode:FULL, rate:66, size:189
2026-06-05 13:56:34, EXEC, v:1, k:ed@setbuild, mode:FULL, rate:66, size:191
2026-06-05 14:00:04, EXEC, v:1, k:ed@setbuild, mode:FULL, rate:100, size:190
2026-06-05 13:59:42, MOVE, v:1, k:ed@setbuild, mode:EDIT
2026-06-05 14:00:04, MOVE, v:1, k:ed@setbuild, mode:EDIT
