2026-03-30 16:27:26, MOVE, v:1, k:sandbox@user_001, mode:PICK
2026-03-30 16:28:58, MOVE, v:1, k:sandbox@user_001, mode:PICK
2026-03-30 16:29:03, MOVE, v:1, k:sandbox@user_001, mode:BACK
2026-03-30 16:36:57, MOVE, v:1, k:ed@pintando, mode:PICK
2026-03-30 16:37:08, EXEC, v:1, k:ed@pintando, mode:FULL, rate:100, size:19
2026-03-30 16:37:10, MOVE, v:1, k:ed@pintando, mode:BACK
2026-03-30 16:38:21, MOVE, v:1, k:ed@pintando, mode:PICK
2026-03-30 16:39:33, SELF, v:1, k:ed@pintando, self:1, study:30, guided:1, concept:1
2026-03-30 16:39:51, MOVE, v:1, k:ed@pintando, mode:BACK
2026-03-30 16:39:56, MOVE, v:1, k:ed@pintando, mode:PICK
2026-03-30 16:40:43, MOVE, v:1, k:ed@pintando, mode:BACK
2026-03-30 16:40:44, MOVE, v:1, k:ed@pintando, mode:PICK
2026-03-30 16:40:51, EXEC, v:1, k:ed@pintando, mode:FULL, rate:100
2026-03-30 16:41:13, SELF, v:1, k:ed@pintando, self:1, rate:100, study:30, guided:1, concept:1
2026-03-30 16:41:18, EXEC, v:1, k:ed@pintando, mode:FULL, rate:100
2026-03-30 16:41:20, MOVE, v:1, k:ed@pintando, mode:BACK
2026-03-30 16:41:35, MOVE, v:1, k:ed@mumia, mode:DOWN
2026-03-30 17:00:55, MOVE, v:1, k:ed@mumia, mode:PICK
2026-03-30 17:01:04, EXEC, v:1, k:ed@mumia, mode:FULL, rate:0, size:5
2026-03-30 17:01:18, EXEC, v:1, k:ed@mumia, mode:FULL, rate:0, size:33
2026-03-30 17:01:47, EXEC, v:1, k:ed@mumia, mode:FULL, rate:100, size:33
2026-03-30 17:01:54, EXEC, v:1, k:ed@mumia, mode:FULL, rate:100
2026-03-30 17:02:48, SELF, v:1, k:ed@mumia, self:1, rate:100, study:30, concept:1
2026-03-30 17:02:54, MOVE, v:1, k:ed@mumia, mode:BACK
