2026-05-22 14:17:00, MOVE, v:1, k:ed@gomos, mode:DOWN
2026-05-22 14:19:38, MOVE, v:1, k:ed@gomos, mode:PICK
2026-05-22 14:19:57, MOVE, v:1, k:ed@baruel, mode:EDIT
2026-05-22 14:35:00, EXEC, v:1, k:ed@gomos, mode:FULL, rate:0, size:27
2026-05-22 14:36:44, EXEC, v:1, k:ed@gomos, mode:FULL, rate:33
2026-05-22 14:34:53, MOVE, v:1, k:ed@gomos, mode:EDIT
2026-05-22 14:36:44, MOVE, v:1, k:ed@gomos, mode:EDIT
2026-05-22 14:36:23, MOVE, v:1, k:ed@baruel, mode:EDIT
2026-05-22 14:45:17, EXEC, v:1, k:ed@gomos, mode:FULL, rate:0, size:31
2026-05-22 14:45:56, EXEC, v:1, k:ed@gomos, mode:FULL, rate:16
2026-05-22 14:47:10, EXEC, v:1, k:ed@gomos, mode:FULL, rate:0, size:31
2026-05-22 14:47:18, EXEC, v:1, k:ed@gomos, mode:FULL, rate:33
2026-05-22 14:47:40, MOVE, v:1, k:ed@gomos, mode:EDIT
2026-05-22 14:47:17, MOVE, v:1, k:ed@gomos, mode:EDIT
2026-05-22 14:47:59, EXEC, v:1, k:ed@gomos, mode:FREE, size:27
2026-05-22 14:48:40, MOVE, v:1, k:ed@gomos, mode:PICK
2026-05-22 14:50:31, MOVE, v:1, k:ed@gomos, mode:EDIT
2026-05-22 14:59:55, MOVE, v:1, k:ed@gomos, mode:EDIT
2026-05-22 15:07:35, EXEC, v:1, k:ed@gomos, mode:FULL, rate:0, size:39
2026-05-22 15:08:08, EXEC, v:1, k:ed@gomos, mode:FULL, rate:100
2026-05-22 15:08:16, MOVE, v:1, k:ed@gomos, mode:BACK
2026-05-22 15:07:01, MOVE, v:1, k:ed@gomos, mode:EDIT
2026-05-22 15:08:08, MOVE, v:1, k:ed@gomos, mode:EDIT
2026-05-22 15:08:54, SELF, v:1, k:ed@gomos, self:1, rate:100, study:40, concept:1, debug:1
2026-05-22 16:04:36, MOVE, v:1, k:ed@princesa, mode:PICK
2026-05-22 16:04:36, MOVE, v:1, k:ed@princesa, mode:EDIT
2026-05-22 16:04:36, MOVE, v:1, k:ed@princesa, mode:EDIT
2026-05-22 16:07:12, MOVE, v:1, k:ed@princesa, mode:EDIT
2026-05-22 16:07:09, MOVE, v:1, k:ed@baruel, mode:EDIT
2026-05-22 16:57:33, MOVE, v:1, k:ed@princesa, mode:EDIT
2026-05-22 16:58:51, MOVE, v:1, k:ed@princesa, mode:EDIT
2026-05-22 17:03:37, MOVE, v:1, k:ed@princesa, mode:EDIT
2026-05-22 17:13:34, MOVE, v:1, k:ed@princesa, mode:EDIT
2026-05-22 17:13:34, MOVE, v:1, k:ed@princesa, mode:EDIT
2026-05-22 17:13:34, MOVE, v:1, k:ed@princesa, mode:EDIT
2026-05-22 17:13:51, EXEC, v:1, k:ed@princesa, mode:FULL, rate:0, size:41
2026-05-22 17:14:43, EXEC, v:1, k:ed@princesa, mode:FULL, rate:0
2026-05-22 17:13:48, MOVE, v:1, k:ed@princesa, mode:EDIT
2026-05-22 17:14:43, MOVE, v:1, k:ed@princesa, mode:EDIT
2026-05-22 17:40:51, MOVE, v:1, k:ed@princesa, mode:BACK
2026-05-22 17:42:05, MOVE, v:1, k:ed@princesa, mode:EDIT
2026-05-22 18:11:29, MOVE, v:1, k:ed@princesa, mode:PICK
2026-05-22 18:16:15, MOVE, v:1, k:ed@princesa, mode:EDIT
2026-05-22 18:25:10, EXEC, v:1, k:ed@princesa, mode:FULL, rate:0, size:59
2026-05-22 18:25:25, EXEC, v:1, k:ed@princesa, mode:FULL, rate:0
2026-05-22 18:24:42, MOVE, v:1, k:ed@princesa, mode:EDIT
2026-05-22 18:25:04, MOVE, v:1, k:ed@princesa, mode:EDIT
2026-05-22 18:25:04, MOVE, v:1, k:ed@princesa, mode:EDIT
2026-05-22 18:25:24, MOVE, v:1, k:ed@princesa, mode:EDIT
2026-05-22 18:53:10, EXEC, v:1, k:ed@princesa, mode:FULL, rate:0, size:71
2026-05-22 18:53:16, EXEC, v:1, k:ed@princesa, mode:FULL, rate:16
2026-05-22 18:55:51, EXEC, v:1, k:ed@princesa, mode:FULL, rate:0, size:74
2026-05-22 18:55:57, EXEC, v:1, k:ed@princesa, mode:FULL, rate:100
2026-05-22 18:55:20, MOVE, v:1, k:ed@princesa, mode:EDIT
2026-05-22 18:55:57, MOVE, v:1, k:ed@princesa, mode:EDIT
2026-05-22 19:03:46, MOVE, v:1, k:ed@princesa, mode:BACK
2026-05-22 19:04:27, SELF, v:1, k:ed@princesa, self:1, rate:100, study:140, concept:1, debug:1, refactor:1
